<?xml version="1.0" encoding="UTF-8"?>
<testng-results skipped="0" failed="0" ignored="0" total="1" passed="1">
  <reporter-output>
  </reporter-output>
  <suite name="Default suite" duration-ms="27189" started-at="2019-08-20T18:56:03Z" finished-at="2019-08-20T18:56:31Z">
    <groups>
    </groups>
    <test name="Default test" duration-ms="27189" started-at="2019-08-20T18:56:03Z" finished-at="2019-08-20T18:56:31Z">
      <class name="package01.SendMail3">
        <test-method status="PASS" signature="openChrome()[pri:0, instance:package01.SendMail3@ff5b51f]" name="openChrome" is-config="true" duration-ms="12043" started-at="2019-08-20T18:56:03Z" finished-at="2019-08-20T18:56:15Z">
          <reporter-output>
          </reporter-output>
        </test-method> <!-- openChrome -->
        <test-method status="PASS" signature="sendMail()[pri:0, instance:package01.SendMail3@ff5b51f]" name="sendMail" duration-ms="15108" started-at="2019-08-20T18:56:16Z" finished-at="2019-08-20T18:56:31Z">
          <reporter-output>
          </reporter-output>
        </test-method> <!-- sendMail -->
      </class> <!-- package01.SendMail3 -->
    </test> <!-- Default test -->
  </suite> <!-- Default suite -->
</testng-results>
