<?xml version="1.0" encoding="UTF-8"?>
<testng-results skipped="0" failed="0" ignored="0" total="1" passed="1">
  <reporter-output>
  </reporter-output>
  <suite name="Default suite" duration-ms="65" started-at="2019-08-25T21:02:01Z" finished-at="2019-08-25T21:02:01Z">
    <groups>
    </groups>
    <test name="Default test" duration-ms="65" started-at="2019-08-25T21:02:01Z" finished-at="2019-08-25T21:02:01Z">
      <class name="package01.test01">
        <test-method status="PASS" signature="main()[pri:0, instance:package01.test01@6a2bcfcb]" name="main" duration-ms="22" started-at="2019-08-26T05:02:01Z" finished-at="2019-08-26T05:02:01Z">
          <reporter-output>
          </reporter-output>
        </test-method> <!-- main -->
      </class> <!-- package01.test01 -->
    </test> <!-- Default test -->
  </suite> <!-- Default suite -->
</testng-results>
